{"colonKey":"NSE_EQ:INE040A01034","endpoint":"fetchStockQuote:response","hasData":false,"incomingSymbol":"HDFC","instrumentKey":"NSE_EQ|INE040A01034","lastPrice":null,"level":"info","message":"External API Call","provider":"Upstox Service","responseKeys":["NSE_EQ:HDFCBANK"],"service":"stock-dashboard-api","timestamp":"2026-03-30 12:44:00"}
{"colonKey":"NSE_EQ:INE467B01029","endpoint":"fetchStockQuote:response","hasData":false,"incomingSymbol":"TCS","instrumentKey":"NSE_EQ|INE467B01029","lastPrice":null,"level":"info","message":"External API Call","provider":"Upstox Service","responseKeys":["NSE_EQ:TCS"],"service":"stock-dashboard-api","timestamp":"2026-03-30 12:44:00"}
{"duration":"85ms","ip":"::1","level":"info","message":"HTTP Request","method":"GET","service":"stock-dashboard-api","status":200,"timestamp":"2026-03-30 12:44:20","url":"/ltp?instruments=NIFTY%2CSENSEX%2CBANKNIFTY","userAgent":"node","userId":"anonymous"}
{"duration":"6ms","ip":"::1","level":"info","message":"HTTP Request","method":"GET","service":"stock-dashboard-api","status":304,"timestamp":"2026-03-30 12:45:20","url":"/daily-pnl","userAgent":"Mozilla/5.0 (Windows NT 10.0; Win64; x64) AppleWebKit/537.36 (KHTML, like Gecko) Chrome/145.0.0.0 Safari/537.36","userId":"anonymous"}
{"duration":"217ms","ip":"::1","level":"info","message":"HTTP Request","method":"GET","service":"stock-dashboard-api","status":200,"timestamp":"2026-03-30 12:45:20","url":"/ltp?instruments=NIFTY%2CSENSEX%2CBANKNIFTY","userAgent":"node","userId":"anonymous"}
{"endpoint":"fetchStockQuote:request","incomingSymbol":"SENSEX","level":"info","message":"External API Call","provider":"Upstox Service","resolvedInstrumentKey":"BSE_INDEX|SENSEX","service":"stock-dashboard-api","timestamp":"2026-03-30 12:46:00"}
{"endpoint":"fetchStockQuote:request","incomingSymbol":"NIFTY","level":"info","message":"External API Call","provider":"Upstox Service","resolvedInstrumentKey":"NSE_INDEX|Nifty 50","service":"stock-dashboard-api","timestamp":"2026-03-30 12:46:00"}
{"endpoint":"fetchStockQuote:request","incomingSymbol":"BANKNIFTY","level":"info","message":"External API Call","provider":"Upstox Service","resolvedInstrumentKey":"NSE_INDEX|Nifty Bank","service":"stock-dashboard-api","timestamp":"2026-03-30 12:46:00"}
{"endpoint":"fetchStockQuote:request","incomingSymbol":"TCS","level":"info","message":"External API Call","provider":"Upstox Service","resolvedInstrumentKey":"NSE_EQ|INE467B01029","service":"stock-dashboard-api","timestamp":"2026-03-30 12:46:00"}
{"endpoint":"fetchStockQuote:request","incomingSymbol":"RELIANCE","level":"info","message":"External API Call","provider":"Upstox Service","resolvedInstrumentKey":"NSE_EQ|INE002A01018","service":"stock-dashboard-api","timestamp":"2026-03-30 12:46:00"}
{"endpoint":"fetchStockQuote:request","incomingSymbol":"HDFC","level":"info","message":"External API Call","provider":"Upstox Service","resolvedInstrumentKey":"NSE_EQ|INE040A01034","service":"stock-dashboard-api","timestamp":"2026-03-30 12:46:00"}
{"endpoint":"fetchStockQuote:request","incomingSymbol":"INFY","level":"info","message":"External API Call","provider":"Upstox Service","resolvedInstrumentKey":"NSE_EQ|INE009A01021","service":"stock-dashboard-api","timestamp":"2026-03-30 12:46:00"}
{"colonKey":"BSE_INDEX:SENSEX","endpoint":"fetchStockQuote:response","hasData":true,"incomingSymbol":"SENSEX","instrumentKey":"BSE_INDEX|SENSEX","lastPrice":72678.47,"level":"info","message":"External API Call","provider":"Upstox Service","responseKeys":["BSE_INDEX:SENSEX"],"service":"stock-dashboard-api","timestamp":"2026-03-30 12:46:00"}
{"endpoint":"fetchQuote","level":"info","message":"External API Call","provider":"Upstox API","service":"stock-dashboard-api","success":true,"symbol":"SENSEX","timestamp":"2026-03-30 12:46:00"}
{"colonKey":"NSE_INDEX:Nifty Bank","endpoint":"fetchStockQuote:response","hasData":true,"incomingSymbol":"BANKNIFTY","instrumentKey":"NSE_INDEX|Nifty Bank","lastPrice":50908.85,"level":"info","message":"External API Call","provider":"Upstox Service","responseKeys":["NSE_INDEX:Nifty Bank"],"service":"stock-dashboard-api","timestamp":"2026-03-30 12:46:00"}
{"endpoint":"fetchQuote","level":"info","message":"External API Call","provider":"Upstox API","service":"stock-dashboard-api","success":true,"symbol":"BANKNIFTY","timestamp":"2026-03-30 12:46:00"}
{"colonKey":"NSE_EQ:INE040A01034","endpoint":"fetchStockQuote:response","hasData":false,"incomingSymbol":"HDFC","instrumentKey":"NSE_EQ|INE040A01034","lastPrice":null,"level":"info","message":"External API Call","provider":"Upstox Service","responseKeys":["NSE_EQ:HDFCBANK"],"service":"stock-dashboard-api","timestamp":"2026-03-30 12:46:00"}
{"colonKey":"NSE_EQ:INE009A01021","endpoint":"fetchStockQuote:response","hasData":false,"incomingSymbol":"INFY","instrumentKey":"NSE_EQ|INE009A01021","lastPrice":null,"level":"info","message":"External API Call","provider":"Upstox Service","responseKeys":["NSE_EQ:INFY"],"service":"stock-dashboard-api","timestamp":"2026-03-30 12:46:00"}
{"colonKey":"NSE_INDEX:Nifty 50","endpoint":"fetchStockQuote:response","hasData":true,"incomingSymbol":"NIFTY","instrumentKey":"NSE_INDEX|Nifty 50","lastPrice":22556.8,"level":"info","message":"External API Call","provider":"Upstox Service","responseKeys":["NSE_INDEX:Nifty 50"],"service":"stock-dashboard-api","timestamp":"2026-03-30 12:46:00"}
{"endpoint":"fetchQuote","level":"info","message":"External API Call","provider":"Upstox API","service":"stock-dashboard-api","success":true,"symbol":"NIFTY","timestamp":"2026-03-30 12:46:00"}
{"colonKey":"NSE_EQ:INE002A01018","endpoint":"fetchStockQuote:response","hasData":false,"incomingSymbol":"RELIANCE","instrumentKey":"NSE_EQ|INE002A01018","lastPrice":null,"level":"info","message":"External API Call","provider":"Upstox Service","responseKeys":["NSE_EQ:RELIANCE"],"service":"stock-dashboard-api","timestamp":"2026-03-30 12:46:00"}
{"colonKey":"NSE_EQ:INE467B01029","endpoint":"fetchStockQuote:response","hasData":false,"incomingSymbol":"TCS","instrumentKey":"NSE_EQ|INE467B01029","lastPrice":null,"level":"info","message":"External API Call","provider":"Upstox Service","responseKeys":["NSE_EQ:TCS"],"service":"stock-dashboard-api","timestamp":"2026-03-30 12:46:00"}
{"duration":"194ms","ip":"::1","level":"info","message":"HTTP Request","method":"GET","service":"stock-dashboard-api","status":200,"timestamp":"2026-03-30 12:46:21","url":"/ltp?instruments=NIFTY%2CSENSEX%2CBANKNIFTY","userAgent":"node","userId":"anonymous"}
{"duration":"1ms","ip":"::1","level":"info","message":"HTTP Request","method":"GET","service":"stock-dashboard-api","status":304,"timestamp":"2026-03-30 12:47:20","url":"/token-status","userAgent":"Mozilla/5.0 (Windows NT 10.0; Win64; x64) AppleWebKit/537.36 (KHTML, like Gecko) Chrome/145.0.0.0 Safari/537.36","userId":"anonymous"}
{"duration":"4ms","ip":"::1","level":"info","message":"HTTP Request","method":"GET","service":"stock-dashboard-api","status":304,"timestamp":"2026-03-30 12:47:20","url":"/daily-pnl","userAgent":"Mozilla/5.0 (Windows NT 10.0; Win64; x64) AppleWebKit/537.36 (KHTML, like Gecko) Chrome/145.0.0.0 Safari/537.36","userId":"anonymous"}
{"duration":"323ms","ip":"::1","level":"info","message":"HTTP Request","method":"GET","service":"stock-dashboard-api","status":200,"timestamp":"2026-03-30 12:47:21","url":"/ltp?instruments=NIFTY%2CSENSEX%2CBANKNIFTY","userAgent":"node","userId":"anonymous"}
{"endpoint":"fetchStockQuote:request","incomingSymbol":"SENSEX","level":"info","message":"External API Call","provider":"Upstox Service","resolvedInstrumentKey":"BSE_INDEX|SENSEX","service":"stock-dashboard-api","timestamp":"2026-03-30 12:48:00"}
{"endpoint":"fetchStockQuote:request","incomingSymbol":"NIFTY","level":"info","message":"External API Call","provider":"Upstox Service","resolvedInstrumentKey":"NSE_INDEX|Nifty 50","service":"stock-dashboard-api","timestamp":"2026-03-30 12:48:00"}
{"endpoint":"fetchStockQuote:request","incomingSymbol":"BANKNIFTY","level":"info","message":"External API Call","provider":"Upstox Service","resolvedInstrumentKey":"NSE_INDEX|Nifty Bank","service":"stock-dashboard-api","timestamp":"2026-03-30 12:48:00"}
{"endpoint":"fetchStockQuote:request","incomingSymbol":"HDFC","level":"info","message":"External API Call","provider":"Upstox Service","resolvedInstrumentKey":"NSE_EQ|INE040A01034","service":"stock-dashboard-api","timestamp":"2026-03-30 12:48:00"}
{"endpoint":"fetchStockQuote:request","incomingSymbol":"TCS","level":"info","message":"External API Call","provider":"Upstox Service","resolvedInstrumentKey":"NSE_EQ|INE467B01029","service":"stock-dashboard-api","timestamp":"2026-03-30 12:48:00"}
{"endpoint":"fetchStockQuote:request","incomingSymbol":"INFY","level":"info","message":"External API Call","provider":"Upstox Service","resolvedInstrumentKey":"NSE_EQ|INE009A01021","service":"stock-dashboard-api","timestamp":"2026-03-30 12:48:00"}
{"endpoint":"fetchStockQuote:request","incomingSymbol":"RELIANCE","level":"info","message":"External API Call","provider":"Upstox Service","resolvedInstrumentKey":"NSE_EQ|INE002A01018","service":"stock-dashboard-api","timestamp":"2026-03-30 12:48:00"}
{"colonKey":"NSE_EQ:INE467B01029","endpoint":"fetchStockQuote:response","hasData":false,"incomingSymbol":"TCS","instrumentKey":"NSE_EQ|INE467B01029","lastPrice":null,"level":"info","message":"External API Call","provider":"Upstox Service","responseKeys":["NSE_EQ:TCS"],"service":"stock-dashboard-api","timestamp":"2026-03-30 12:48:00"}
{"colonKey":"NSE_INDEX:Nifty 50","endpoint":"fetchStockQuote:response","hasData":true,"incomingSymbol":"NIFTY","instrumentKey":"NSE_INDEX|Nifty 50","lastPrice":22542.15,"level":"info","message":"External API Call","provider":"Upstox Service","responseKeys":["NSE_INDEX:Nifty 50"],"service":"stock-dashboard-api","timestamp":"2026-03-30 12:48:00"}
{"endpoint":"fetchQuote","level":"info","message":"External API Call","provider":"Upstox API","service":"stock-dashboard-api","success":true,"symbol":"NIFTY","timestamp":"2026-03-30 12:48:00"}
{"colonKey":"NSE_INDEX:Nifty Bank","endpoint":"fetchStockQuote:response","hasData":true,"incomingSymbol":"BANKNIFTY","instrumentKey":"NSE_INDEX|Nifty Bank","lastPrice":50871.25,"level":"info","message":"External API Call","provider":"Upstox Service","responseKeys":["NSE_INDEX:Nifty Bank"],"service":"stock-dashboard-api","timestamp":"2026-03-30 12:48:00"}
{"endpoint":"fetchQuote","level":"info","message":"External API Call","provider":"Upstox API","service":"stock-dashboard-api","success":true,"symbol":"BANKNIFTY","timestamp":"2026-03-30 12:48:00"}
{"colonKey":"NSE_EQ:INE040A01034","endpoint":"fetchStockQuote:response","hasData":false,"incomingSymbol":"HDFC","instrumentKey":"NSE_EQ|INE040A01034","lastPrice":null,"level":"info","message":"External API Call","provider":"Upstox Service","responseKeys":["NSE_EQ:HDFCBANK"],"service":"stock-dashboard-api","timestamp":"2026-03-30 12:48:00"}
{"colonKey":"NSE_EQ:INE002A01018","endpoint":"fetchStockQuote:response","hasData":false,"incomingSymbol":"RELIANCE","instrumentKey":"NSE_EQ|INE002A01018","lastPrice":null,"level":"info","message":"External API Call","provider":"Upstox Service","responseKeys":["NSE_EQ:RELIANCE"],"service":"stock-dashboard-api","timestamp":"2026-03-30 12:48:00"}
{"colonKey":"NSE_EQ:INE009A01021","endpoint":"fetchStockQuote:response","hasData":false,"incomingSymbol":"INFY","instrumentKey":"NSE_EQ|INE009A01021","lastPrice":null,"level":"info","message":"External API Call","provider":"Upstox Service","responseKeys":["NSE_EQ:INFY"],"service":"stock-dashboard-api","timestamp":"2026-03-30 12:48:00"}
{"colonKey":"BSE_INDEX:SENSEX","endpoint":"fetchStockQuote:response","hasData":true,"incomingSymbol":"SENSEX","instrumentKey":"BSE_INDEX|SENSEX","lastPrice":72627.89,"level":"info","message":"External API Call","provider":"Upstox Service","responseKeys":["BSE_INDEX:SENSEX"],"service":"stock-dashboard-api","timestamp":"2026-03-30 12:48:01"}
{"endpoint":"fetchQuote","level":"info","message":"External API Call","provider":"Upstox API","service":"stock-dashboard-api","success":true,"symbol":"SENSEX","timestamp":"2026-03-30 12:48:01"}
{"duration":"308ms","ip":"::1","level":"info","message":"HTTP Request","method":"GET","service":"stock-dashboard-api","status":200,"timestamp":"2026-03-30 12:48:21","url":"/ltp?instruments=NIFTY%2CSENSEX%2CBANKNIFTY","userAgent":"node","userId":"anonymous"}
{"duration":"5ms","ip":"::1","level":"info","message":"HTTP Request","method":"GET","service":"stock-dashboard-api","status":304,"timestamp":"2026-03-30 12:49:20","url":"/daily-pnl","userAgent":"Mozilla/5.0 (Windows NT 10.0; Win64; x64) AppleWebKit/537.36 (KHTML, like Gecko) Chrome/145.0.0.0 Safari/537.36","userId":"anonymous"}
{"duration":"111ms","ip":"::1","level":"info","message":"HTTP Request","method":"GET","service":"stock-dashboard-api","status":200,"timestamp":"2026-03-30 12:49:20","url":"/ltp?instruments=NIFTY%2CSENSEX%2CBANKNIFTY","userAgent":"node","userId":"anonymous"}
{"endpoint":"fetchStockQuote:request","incomingSymbol":"NIFTY","level":"info","message":"External API Call","provider":"Upstox Service","resolvedInstrumentKey":"NSE_INDEX|Nifty 50","service":"stock-dashboard-api","timestamp":"2026-03-30 12:50:00"}
{"endpoint":"fetchStockQuote:request","incomingSymbol":"SENSEX","level":"info","message":"External API Call","provider":"Upstox Service","resolvedInstrumentKey":"BSE_INDEX|SENSEX","service":"stock-dashboard-api","timestamp":"2026-03-30 12:50:00"}
{"endpoint":"fetchStockQuote:request","incomingSymbol":"RELIANCE","level":"info","message":"External API Call","provider":"Upstox Service","resolvedInstrumentKey":"NSE_EQ|INE002A01018","service":"stock-dashboard-api","timestamp":"2026-03-30 12:50:00"}
{"endpoint":"fetchStockQuote:request","incomingSymbol":"BANKNIFTY","level":"info","message":"External API Call","provider":"Upstox Service","resolvedInstrumentKey":"NSE_INDEX|Nifty Bank","service":"stock-dashboard-api","timestamp":"2026-03-30 12:50:00"}
{"endpoint":"fetchStockQuote:request","incomingSymbol":"INFY","level":"info","message":"External API Call","provider":"Upstox Service","resolvedInstrumentKey":"NSE_EQ|INE009A01021","service":"stock-dashboard-api","timestamp":"2026-03-30 12:50:00"}
{"endpoint":"fetchStockQuote:request","incomingSymbol":"HDFC","level":"info","message":"External API Call","provider":"Upstox Service","resolvedInstrumentKey":"NSE_EQ|INE040A01034","service":"stock-dashboard-api","timestamp":"2026-03-30 12:50:00"}
{"endpoint":"fetchStockQuote:request","incomingSymbol":"TCS","level":"info","message":"External API Call","provider":"Upstox Service","resolvedInstrumentKey":"NSE_EQ|INE467B01029","service":"stock-dashboard-api","timestamp":"2026-03-30 12:50:00"}
{"colonKey":"NSE_INDEX:Nifty 50","endpoint":"fetchStockQuote:response","hasData":true,"incomingSymbol":"NIFTY","instrumentKey":"NSE_INDEX|Nifty 50","lastPrice":22531,"level":"info","message":"External API Call","provider":"Upstox Service","responseKeys":["NSE_INDEX:Nifty 50"],"service":"stock-dashboard-api","timestamp":"2026-03-30 12:50:00"}
{"endpoint":"fetchQuote","level":"info","message":"External API Call","provider":"Upstox API","service":"stock-dashboard-api","success":true,"symbol":"NIFTY","timestamp":"2026-03-30 12:50:00"}
{"colonKey":"NSE_EQ:INE040A01034","endpoint":"fetchStockQuote:response","hasData":false,"incomingSymbol":"HDFC","instrumentKey":"NSE_EQ|INE040A01034","lastPrice":null,"level":"info","message":"External API Call","provider":"Upstox Service","responseKeys":["NSE_EQ:HDFCBANK"],"service":"stock-dashboard-api","timestamp":"2026-03-30 12:50:00"}
{"colonKey":"NSE_EQ:INE002A01018","endpoint":"fetchStockQuote:response","hasData":false,"incomingSymbol":"RELIANCE","instrumentKey":"NSE_EQ|INE002A01018","lastPrice":null,"level":"info","message":"External API Call","provider":"Upstox Service","responseKeys":["NSE_EQ:RELIANCE"],"service":"stock-dashboard-api","timestamp":"2026-03-30 12:50:00"}
{"colonKey":"NSE_INDEX:Nifty Bank","endpoint":"fetchStockQuote:response","hasData":true,"incomingSymbol":"BANKNIFTY","instrumentKey":"NSE_INDEX|Nifty Bank","lastPrice":50844.95,"level":"info","message":"External API Call","provider":"Upstox Service","responseKeys":["NSE_INDEX:Nifty Bank"],"service":"stock-dashboard-api","timestamp":"2026-03-30 12:50:00"}
{"endpoint":"fetchQuote","level":"info","message":"External API Call","provider":"Upstox API","service":"stock-dashboard-api","success":true,"symbol":"BANKNIFTY","timestamp":"2026-03-30 12:50:00"}
{"colonKey":"NSE_EQ:INE009A01021","endpoint":"fetchStockQuote:response","hasData":false,"incomingSymbol":"INFY","instrumentKey":"NSE_EQ|INE009A01021","lastPrice":null,"level":"info","message":"External API Call","provider":"Upstox Service","responseKeys":["NSE_EQ:INFY"],"service":"stock-dashboard-api","timestamp":"2026-03-30 12:50:00"}
{"colonKey":"BSE_INDEX:SENSEX","endpoint":"fetchStockQuote:response","hasData":true,"incomingSymbol":"SENSEX","instrumentKey":"BSE_INDEX|SENSEX","lastPrice":72587.11,"level":"info","message":"External API Call","provider":"Upstox Service","responseKeys":["BSE_INDEX:SENSEX"],"service":"stock-dashboard-api","timestamp":"2026-03-30 12:50:00"}
{"endpoint":"fetchQuote","level":"info","message":"External API Call","provider":"Upstox API","service":"stock-dashboard-api","success":true,"symbol":"SENSEX","timestamp":"2026-03-30 12:50:00"}
{"colonKey":"NSE_EQ:INE467B01029","endpoint":"fetchStockQuote:response","hasData":false,"incomingSymbol":"TCS","instrumentKey":"NSE_EQ|INE467B01029","lastPrice":null,"level":"info","message":"External API Call","provider":"Upstox Service","responseKeys":["NSE_EQ:TCS"],"service":"stock-dashboard-api","timestamp":"2026-03-30 12:50:00"}
{"duration":"76ms","ip":"::1","level":"info","message":"HTTP Request","method":"GET","service":"stock-dashboard-api","status":200,"timestamp":"2026-03-30 12:50:20","url":"/ltp?instruments=NIFTY%2CSENSEX%2CBANKNIFTY","userAgent":"node","userId":"anonymous"}
{"duration":"6ms","ip":"::1","level":"info","message":"HTTP Request","method":"GET","service":"stock-dashboard-api","status":304,"timestamp":"2026-03-30 12:51:20","url":"/daily-pnl","userAgent":"Mozilla/5.0 (Windows NT 10.0; Win64; x64) AppleWebKit/537.36 (KHTML, like Gecko) Chrome/145.0.0.0 Safari/537.36","userId":"anonymous"}
{"duration":"86ms","ip":"::1","level":"info","message":"HTTP Request","method":"GET","service":"stock-dashboard-api","status":200,"timestamp":"2026-03-30 12:51:20","url":"/ltp?instruments=NIFTY%2CSENSEX%2CBANKNIFTY","userAgent":"node","userId":"anonymous"}
{"endpoint":"fetchStockQuote:request","incomingSymbol":"SENSEX","level":"info","message":"External API Call","provider":"Upstox Service","resolvedInstrumentKey":"BSE_INDEX|SENSEX","service":"stock-dashboard-api","timestamp":"2026-03-30 12:52:00"}
{"endpoint":"fetchStockQuote:request","incomingSymbol":"NIFTY","level":"info","message":"External API Call","provider":"Upstox Service","resolvedInstrumentKey":"NSE_INDEX|Nifty 50","service":"stock-dashboard-api","timestamp":"2026-03-30 12:52:00"}
{"endpoint":"fetchStockQuote:request","incomingSymbol":"TCS","level":"info","message":"External API Call","provider":"Upstox Service","resolvedInstrumentKey":"NSE_EQ|INE467B01029","service":"stock-dashboard-api","timestamp":"2026-03-30 12:52:00"}
{"endpoint":"fetchStockQuote:request","incomingSymbol":"RELIANCE","level":"info","message":"External API Call","provider":"Upstox Service","resolvedInstrumentKey":"NSE_EQ|INE002A01018","service":"stock-dashboard-api","timestamp":"2026-03-30 12:52:00"}
{"endpoint":"fetchStockQuote:request","incomingSymbol":"HDFC","level":"info","message":"External API Call","provider":"Upstox Service","resolvedInstrumentKey":"NSE_EQ|INE040A01034","service":"stock-dashboard-api","timestamp":"2026-03-30 12:52:00"}
{"endpoint":"fetchStockQuote:request","incomingSymbol":"BANKNIFTY","level":"info","message":"External API Call","provider":"Upstox Service","resolvedInstrumentKey":"NSE_INDEX|Nifty Bank","service":"stock-dashboard-api","timestamp":"2026-03-30 12:52:00"}
{"endpoint":"fetchStockQuote:request","incomingSymbol":"INFY","level":"info","message":"External API Call","provider":"Upstox Service","resolvedInstrumentKey":"NSE_EQ|INE009A01021","service":"stock-dashboard-api","timestamp":"2026-03-30 12:52:00"}
{"colonKey":"NSE_EQ:INE467B01029","endpoint":"fetchStockQuote:response","hasData":false,"incomingSymbol":"TCS","instrumentKey":"NSE_EQ|INE467B01029","lastPrice":null,"level":"info","message":"External API Call","provider":"Upstox Service","responseKeys":["NSE_EQ:TCS"],"service":"stock-dashboard-api","timestamp":"2026-03-30 12:52:00"}
{"colonKey":"BSE_INDEX:SENSEX","endpoint":"fetchStockQuote:response","hasData":true,"incomingSymbol":"SENSEX","instrumentKey":"BSE_INDEX|SENSEX","lastPrice":72595.39,"level":"info","message":"External API Call","provider":"Upstox Service","responseKeys":["BSE_INDEX:SENSEX"],"service":"stock-dashboard-api","timestamp":"2026-03-30 12:52:00"}
{"endpoint":"fetchQuote","level":"info","message":"External API Call","provider":"Upstox API","service":"stock-dashboard-api","success":true,"symbol":"SENSEX","timestamp":"2026-03-30 12:52:00"}
{"colonKey":"NSE_EQ:INE002A01018","endpoint":"fetchStockQuote:response","hasData":false,"incomingSymbol":"RELIANCE","instrumentKey":"NSE_EQ|INE002A01018","lastPrice":null,"level":"info","message":"External API Call","provider":"Upstox Service","responseKeys":["NSE_EQ:RELIANCE"],"service":"stock-dashboard-api","timestamp":"2026-03-30 12:52:00"}
{"colonKey":"NSE_INDEX:Nifty 50","endpoint":"fetchStockQuote:response","hasData":true,"incomingSymbol":"NIFTY","instrumentKey":"NSE_INDEX|Nifty 50","lastPrice":22531.8,"level":"info","message":"External API Call","provider":"Upstox Service","responseKeys":["NSE_INDEX:Nifty 50"],"service":"stock-dashboard-api","timestamp":"2026-03-30 12:52:00"}
{"endpoint":"fetchQuote","level":"info","message":"External API Call","provider":"Upstox API","service":"stock-dashboard-api","success":true,"symbol":"NIFTY","timestamp":"2026-03-30 12:52:00"}
{"colonKey":"NSE_EQ:INE009A01021","endpoint":"fetchStockQuote:response","hasData":false,"incomingSymbol":"INFY","instrumentKey":"NSE_EQ|INE009A01021","lastPrice":null,"level":"info","message":"External API Call","provider":"Upstox Service","responseKeys":["NSE_EQ:INFY"],"service":"stock-dashboard-api","timestamp":"2026-03-30 12:52:00"}
{"colonKey":"NSE_EQ:INE040A01034","endpoint":"fetchStockQuote:response","hasData":false,"incomingSymbol":"HDFC","instrumentKey":"NSE_EQ|INE040A01034","lastPrice":null,"level":"info","message":"External API Call","provider":"Upstox Service","responseKeys":["NSE_EQ:HDFCBANK"],"service":"stock-dashboard-api","timestamp":"2026-03-30 12:52:00"}
{"colonKey":"NSE_INDEX:Nifty Bank","endpoint":"fetchStockQuote:response","hasData":true,"incomingSymbol":"BANKNIFTY","instrumentKey":"NSE_INDEX|Nifty Bank","lastPrice":50868.8,"level":"info","message":"External API Call","provider":"Upstox Service","responseKeys":["NSE_INDEX:Nifty Bank"],"service":"stock-dashboard-api","timestamp":"2026-03-30 12:52:00"}
{"endpoint":"fetchQuote","level":"info","message":"External API Call","provider":"Upstox API","service":"stock-dashboard-api","success":true,"symbol":"BANKNIFTY","timestamp":"2026-03-30 12:52:00"}
{"duration":"1ms","ip":"::1","level":"info","message":"HTTP Request","method":"GET","service":"stock-dashboard-api","status":304,"timestamp":"2026-03-30 12:52:20","url":"/token-status","userAgent":"Mozilla/5.0 (Windows NT 10.0; Win64; x64) AppleWebKit/537.36 (KHTML, like Gecko) Chrome/145.0.0.0 Safari/537.36","userId":"anonymous"}
{"duration":"459ms","ip":"::1","level":"info","message":"HTTP Request","method":"GET","service":"stock-dashboard-api","status":200,"timestamp":"2026-03-30 12:52:21","url":"/ltp?instruments=NIFTY%2CSENSEX%2CBANKNIFTY","userAgent":"node","userId":"anonymous"}
{"duration":"5ms","ip":"::1","level":"info","message":"HTTP Request","method":"GET","service":"stock-dashboard-api","status":304,"timestamp":"2026-03-30 12:53:20","url":"/daily-pnl","userAgent":"Mozilla/5.0 (Windows NT 10.0; Win64; x64) AppleWebKit/537.36 (KHTML, like Gecko) Chrome/145.0.0.0 Safari/537.36","userId":"anonymous"}
{"duration":"264ms","ip":"::1","level":"info","message":"HTTP Request","method":"GET","service":"stock-dashboard-api","status":200,"timestamp":"2026-03-30 12:53:21","url":"/ltp?instruments=NIFTY%2CSENSEX%2CBANKNIFTY","userAgent":"node","userId":"anonymous"}
{"endpoint":"fetchStockQuote:request","incomingSymbol":"NIFTY","level":"info","message":"External API Call","provider":"Upstox Service","resolvedInstrumentKey":"NSE_INDEX|Nifty 50","service":"stock-dashboard-api","timestamp":"2026-03-30 12:54:00"}
{"endpoint":"fetchStockQuote:request","incomingSymbol":"SENSEX","level":"info","message":"External API Call","provider":"Upstox Service","resolvedInstrumentKey":"BSE_INDEX|SENSEX","service":"stock-dashboard-api","timestamp":"2026-03-30 12:54:00"}
{"endpoint":"fetchStockQuote:request","incomingSymbol":"BANKNIFTY","level":"info","message":"External API Call","provider":"Upstox Service","resolvedInstrumentKey":"NSE_INDEX|Nifty Bank","service":"stock-dashboard-api","timestamp":"2026-03-30 12:54:00"}
{"endpoint":"fetchStockQuote:request","incomingSymbol":"RELIANCE","level":"info","message":"External API Call","provider":"Upstox Service","resolvedInstrumentKey":"NSE_EQ|INE002A01018","service":"stock-dashboard-api","timestamp":"2026-03-30 12:54:00"}
{"endpoint":"fetchStockQuote:request","incomingSymbol":"TCS","level":"info","message":"External API Call","provider":"Upstox Service","resolvedInstrumentKey":"NSE_EQ|INE467B01029","service":"stock-dashboard-api","timestamp":"2026-03-30 12:54:00"}
{"endpoint":"fetchStockQuote:request","incomingSymbol":"HDFC","level":"info","message":"External API Call","provider":"Upstox Service","resolvedInstrumentKey":"NSE_EQ|INE040A01034","service":"stock-dashboard-api","timestamp":"2026-03-30 12:54:00"}
{"endpoint":"fetchStockQuote:request","incomingSymbol":"INFY","level":"info","message":"External API Call","provider":"Upstox Service","resolvedInstrumentKey":"NSE_EQ|INE009A01021","service":"stock-dashboard-api","timestamp":"2026-03-30 12:54:00"}
{"colonKey":"NSE_INDEX:Nifty Bank","endpoint":"fetchStockQuote:response","hasData":true,"incomingSymbol":"BANKNIFTY","instrumentKey":"NSE_INDEX|Nifty Bank","lastPrice":50790.95,"level":"info","message":"External API Call","provider":"Upstox Service","responseKeys":["NSE_INDEX:Nifty Bank"],"service":"stock-dashboard-api","timestamp":"2026-03-30 12:54:00"}
{"endpoint":"fetchQuote","level":"info","message":"External API Call","provider":"Upstox API","service":"stock-dashboard-api","success":true,"symbol":"BANKNIFTY","timestamp":"2026-03-30 12:54:00"}
{"colonKey":"NSE_EQ:INE009A01021","endpoint":"fetchStockQuote:response","hasData":false,"incomingSymbol":"INFY","instrumentKey":"NSE_EQ|INE009A01021","lastPrice":null,"level":"info","message":"External API Call","provider":"Upstox Service","responseKeys":["NSE_EQ:INFY"],"service":"stock-dashboard-api","timestamp":"2026-03-30 12:54:00"}
{"colonKey":"NSE_INDEX:Nifty 50","endpoint":"fetchStockQuote:response","hasData":true,"incomingSymbol":"NIFTY","instrumentKey":"NSE_INDEX|Nifty 50","lastPrice":22490.8,"level":"info","message":"External API Call","provider":"Upstox Service","responseKeys":["NSE_INDEX:Nifty 50"],"service":"stock-dashboard-api","timestamp":"2026-03-30 12:54:00"}
{"endpoint":"fetchQuote","level":"info","message":"External API Call","provider":"Upstox API","service":"stock-dashboard-api","success":true,"symbol":"NIFTY","timestamp":"2026-03-30 12:54:00"}
{"colonKey":"NSE_EQ:INE467B01029","endpoint":"fetchStockQuote:response","hasData":false,"incomingSymbol":"TCS","instrumentKey":"NSE_EQ|INE467B01029","lastPrice":null,"level":"info","message":"External API Call","provider":"Upstox Service","responseKeys":["NSE_EQ:TCS"],"service":"stock-dashboard-api","timestamp":"2026-03-30 12:54:00"}
{"colonKey":"BSE_INDEX:SENSEX","endpoint":"fetchStockQuote:response","hasData":true,"incomingSymbol":"SENSEX","instrumentKey":"BSE_INDEX|SENSEX","lastPrice":72459.14,"level":"info","message":"External API Call","provider":"Upstox Service","responseKeys":["BSE_INDEX:SENSEX"],"service":"stock-dashboard-api","timestamp":"2026-03-30 12:54:00"}
{"endpoint":"fetchQuote","level":"info","message":"External API Call","provider":"Upstox API","service":"stock-dashboard-api","success":true,"symbol":"SENSEX","timestamp":"2026-03-30 12:54:00"}
{"colonKey":"NSE_EQ:INE002A01018","endpoint":"fetchStockQuote:response","hasData":false,"incomingSymbol":"RELIANCE","instrumentKey":"NSE_EQ|INE002A01018","lastPrice":null,"level":"info","message":"External API Call","provider":"Upstox Service","responseKeys":["NSE_EQ:RELIANCE"],"service":"stock-dashboard-api","timestamp":"2026-03-30 12:54:00"}
{"colonKey":"NSE_EQ:INE040A01034","endpoint":"fetchStockQuote:response","hasData":false,"incomingSymbol":"HDFC","instrumentKey":"NSE_EQ|INE040A01034","lastPrice":null,"level":"info","message":"External API Call","provider":"Upstox Service","responseKeys":["NSE_EQ:HDFCBANK"],"service":"stock-dashboard-api","timestamp":"2026-03-30 12:54:00"}
{"duration":"101ms","ip":"::1","level":"info","message":"HTTP Request","method":"GET","service":"stock-dashboard-api","status":200,"timestamp":"2026-03-30 12:54:20","url":"/ltp?instruments=NIFTY%2CSENSEX%2CBANKNIFTY","userAgent":"node","userId":"anonymous"}
{"duration":"7ms","ip":"::1","level":"info","message":"HTTP Request","method":"GET","service":"stock-dashboard-api","status":304,"timestamp":"2026-03-30 12:55:20","url":"/daily-pnl","userAgent":"Mozilla/5.0 (Windows NT 10.0; Win64; x64) AppleWebKit/537.36 (KHTML, like Gecko) Chrome/145.0.0.0 Safari/537.36","userId":"anonymous"}
{"duration":"158ms","ip":"::1","level":"info","message":"HTTP Request","method":"GET","service":"stock-dashboard-api","status":200,"timestamp":"2026-03-30 12:55:20","url":"/ltp?instruments=NIFTY%2CSENSEX%2CBANKNIFTY","userAgent":"node","userId":"anonymous"}
{"endpoint":"fetchStockQuote:request","incomingSymbol":"NIFTY","level":"info","message":"External API Call","provider":"Upstox Service","resolvedInstrumentKey":"NSE_INDEX|Nifty 50","service":"stock-dashboard-api","timestamp":"2026-03-30 12:56:00"}
{"endpoint":"fetchStockQuote:request","incomingSymbol":"SENSEX","level":"info","message":"External API Call","provider":"Upstox Service","resolvedInstrumentKey":"BSE_INDEX|SENSEX","service":"stock-dashboard-api","timestamp":"2026-03-30 12:56:00"}
{"endpoint":"fetchStockQuote:request","incomingSymbol":"RELIANCE","level":"info","message":"External API Call","provider":"Upstox Service","resolvedInstrumentKey":"NSE_EQ|INE002A01018","service":"stock-dashboard-api","timestamp":"2026-03-30 12:56:00"}
{"endpoint":"fetchStockQuote:request","incomingSymbol":"BANKNIFTY","level":"info","message":"External API Call","provider":"Upstox Service","resolvedInstrumentKey":"NSE_INDEX|Nifty Bank","service":"stock-dashboard-api","timestamp":"2026-03-30 12:56:00"}
{"endpoint":"fetchStockQuote:request","incomingSymbol":"TCS","level":"info","message":"External API Call","provider":"Upstox Service","resolvedInstrumentKey":"NSE_EQ|INE467B01029","service":"stock-dashboard-api","timestamp":"2026-03-30 12:56:00"}
{"endpoint":"fetchStockQuote:request","incomingSymbol":"INFY","level":"info","message":"External API Call","provider":"Upstox Service","resolvedInstrumentKey":"NSE_EQ|INE009A01021","service":"stock-dashboard-api","timestamp":"2026-03-30 12:56:00"}
{"endpoint":"fetchStockQuote:request","incomingSymbol":"HDFC","level":"info","message":"External API Call","provider":"Upstox Service","resolvedInstrumentKey":"NSE_EQ|INE040A01034","service":"stock-dashboard-api","timestamp":"2026-03-30 12:56:00"}
{"colonKey":"BSE_INDEX:SENSEX","endpoint":"fetchStockQuote:response","hasData":true,"incomingSymbol":"SENSEX","instrumentKey":"BSE_INDEX|SENSEX","lastPrice":72502.85,"level":"info","message":"External API Call","provider":"Upstox Service","responseKeys":["BSE_INDEX:SENSEX"],"service":"stock-dashboard-api","timestamp":"2026-03-30 12:56:00"}
{"endpoint":"fetchQuote","level":"info","message":"External API Call","provider":"Upstox API","service":"stock-dashboard-api","success":true,"symbol":"SENSEX","timestamp":"2026-03-30 12:56:00"}
{"colonKey":"NSE_EQ:INE467B01029","endpoint":"fetchStockQuote:response","hasData":false,"incomingSymbol":"TCS","instrumentKey":"NSE_EQ|INE467B01029","lastPrice":null,"level":"info","message":"External API Call","provider":"Upstox Service","responseKeys":["NSE_EQ:TCS"],"service":"stock-dashboard-api","timestamp":"2026-03-30 12:56:00"}
{"colonKey":"NSE_INDEX:Nifty Bank","endpoint":"fetchStockQuote:response","hasData":true,"incomingSymbol":"BANKNIFTY","instrumentKey":"NSE_INDEX|Nifty Bank","lastPrice":50798.85,"level":"info","message":"External API Call","provider":"Upstox Service","responseKeys":["NSE_INDEX:Nifty Bank"],"service":"stock-dashboard-api","timestamp":"2026-03-30 12:56:00"}
{"endpoint":"fetchQuote","level":"info","message":"External API Call","provider":"Upstox API","service":"stock-dashboard-api","success":true,"symbol":"BANKNIFTY","timestamp":"2026-03-30 12:56:00"}
{"colonKey":"NSE_INDEX:Nifty 50","endpoint":"fetchStockQuote:response","hasData":true,"incomingSymbol":"NIFTY","instrumentKey":"NSE_INDEX|Nifty 50","lastPrice":22503.95,"level":"info","message":"External API Call","provider":"Upstox Service","responseKeys":["NSE_INDEX:Nifty 50"],"service":"stock-dashboard-api","timestamp":"2026-03-30 12:56:00"}
{"endpoint":"fetchQuote","level":"info","message":"External API Call","provider":"Upstox API","service":"stock-dashboard-api","success":true,"symbol":"NIFTY","timestamp":"2026-03-30 12:56:00"}
{"colonKey":"NSE_EQ:INE009A01021","endpoint":"fetchStockQuote:response","hasData":false,"incomingSymbol":"INFY","instrumentKey":"NSE_EQ|INE009A01021","lastPrice":null,"level":"info","message":"External API Call","provider":"Upstox Service","responseKeys":["NSE_EQ:INFY"],"service":"stock-dashboard-api","timestamp":"2026-03-30 12:56:00"}
{"colonKey":"NSE_EQ:INE002A01018","endpoint":"fetchStockQuote:response","hasData":false,"incomingSymbol":"RELIANCE","instrumentKey":"NSE_EQ|INE002A01018","lastPrice":null,"level":"info","message":"External API Call","provider":"Upstox Service","responseKeys":["NSE_EQ:RELIANCE"],"service":"stock-dashboard-api","timestamp":"2026-03-30 12:56:00"}
{"colonKey":"NSE_EQ:INE040A01034","endpoint":"fetchStockQuote:response","hasData":false,"incomingSymbol":"HDFC","instrumentKey":"NSE_EQ|INE040A01034","lastPrice":null,"level":"info","message":"External API Call","provider":"Upstox Service","responseKeys":["NSE_EQ:HDFCBANK"],"service":"stock-dashboard-api","timestamp":"2026-03-30 12:56:00"}
{"duration":"370ms","ip":"::1","level":"info","message":"HTTP Request","method":"GET","service":"stock-dashboard-api","status":200,"timestamp":"2026-03-30 12:56:21","url":"/ltp?instruments=NIFTY%2CSENSEX%2CBANKNIFTY","userAgent":"node","userId":"anonymous"}
{"duration":"1ms","ip":"::1","level":"info","message":"HTTP Request","method":"GET","service":"stock-dashboard-api","status":304,"timestamp":"2026-03-30 12:57:20","url":"/token-status","userAgent":"Mozilla/5.0 (Windows NT 10.0; Win64; x64) AppleWebKit/537.36 (KHTML, like Gecko) Chrome/145.0.0.0 Safari/537.36","userId":"anonymous"}
{"duration":"6ms","ip":"::1","level":"info","message":"HTTP Request","method":"GET","service":"stock-dashboard-api","status":304,"timestamp":"2026-03-30 12:57:20","url":"/daily-pnl","userAgent":"Mozilla/5.0 (Windows NT 10.0; Win64; x64) AppleWebKit/537.36 (KHTML, like Gecko) Chrome/145.0.0.0 Safari/537.36","userId":"anonymous"}
{"duration":"413ms","ip":"::1","level":"info","message":"HTTP Request","method":"GET","service":"stock-dashboard-api","status":200,"timestamp":"2026-03-30 12:57:21","url":"/ltp?instruments=NIFTY%2CSENSEX%2CBANKNIFTY","userAgent":"node","userId":"anonymous"}
{"endpoint":"fetchStockQuote:request","incomingSymbol":"NIFTY","level":"info","message":"External API Call","provider":"Upstox Service","resolvedInstrumentKey":"NSE_INDEX|Nifty 50","service":"stock-dashboard-api","timestamp":"2026-03-30 12:58:00"}
{"endpoint":"fetchStockQuote:request","incomingSymbol":"SENSEX","level":"info","message":"External API Call","provider":"Upstox Service","resolvedInstrumentKey":"BSE_INDEX|SENSEX","service":"stock-dashboard-api","timestamp":"2026-03-30 12:58:00"}
{"endpoint":"fetchStockQuote:request","incomingSymbol":"BANKNIFTY","level":"info","message":"External API Call","provider":"Upstox Service","resolvedInstrumentKey":"NSE_INDEX|Nifty Bank","service":"stock-dashboard-api","timestamp":"2026-03-30 12:58:00"}
{"endpoint":"fetchStockQuote:request","incomingSymbol":"HDFC","level":"info","message":"External API Call","provider":"Upstox Service","resolvedInstrumentKey":"NSE_EQ|INE040A01034","service":"stock-dashboard-api","timestamp":"2026-03-30 12:58:00"}
{"endpoint":"fetchStockQuote:request","incomingSymbol":"TCS","level":"info","message":"External API Call","provider":"Upstox Service","resolvedInstrumentKey":"NSE_EQ|INE467B01029","service":"stock-dashboard-api","timestamp":"2026-03-30 12:58:00"}
{"endpoint":"fetchStockQuote:request","incomingSymbol":"RELIANCE","level":"info","message":"External API Call","provider":"Upstox Service","resolvedInstrumentKey":"NSE_EQ|INE002A01018","service":"stock-dashboard-api","timestamp":"2026-03-30 12:58:00"}
{"endpoint":"fetchStockQuote:request","incomingSymbol":"INFY","level":"info","message":"External API Call","provider":"Upstox Service","resolvedInstrumentKey":"NSE_EQ|INE009A01021","service":"stock-dashboard-api","timestamp":"2026-03-30 12:58:00"}
{"colonKey":"BSE_INDEX:SENSEX","endpoint":"fetchStockQuote:response","hasData":true,"incomingSymbol":"SENSEX","instrumentKey":"BSE_INDEX|SENSEX","lastPrice":72497.63,"level":"info","message":"External API Call","provider":"Upstox Service","responseKeys":["BSE_INDEX:SENSEX"],"service":"stock-dashboard-api","timestamp":"2026-03-30 12:58:00"}
{"endpoint":"fetchQuote","level":"info","message":"External API Call","provider":"Upstox API","service":"stock-dashboard-api","success":true,"symbol":"SENSEX","timestamp":"2026-03-30 12:58:00"}
{"colonKey":"NSE_INDEX:Nifty 50","endpoint":"fetchStockQuote:response","hasData":true,"incomingSymbol":"NIFTY","instrumentKey":"NSE_INDEX|Nifty 50","lastPrice":22503.65,"level":"info","message":"External API Call","provider":"Upstox Service","responseKeys":["NSE_INDEX:Nifty 50"],"service":"stock-dashboard-api","timestamp":"2026-03-30 12:58:00"}
{"endpoint":"fetchQuote","level":"info","message":"External API Call","provider":"Upstox API","service":"stock-dashboard-api","success":true,"symbol":"NIFTY","timestamp":"2026-03-30 12:58:00"}
{"colonKey":"NSE_INDEX:Nifty Bank","endpoint":"fetchStockQuote:response","hasData":true,"incomingSymbol":"BANKNIFTY","instrumentKey":"NSE_INDEX|Nifty Bank","lastPrice":50797.6,"level":"info","message":"External API Call","provider":"Upstox Service","responseKeys":["NSE_INDEX:Nifty Bank"],"service":"stock-dashboard-api","timestamp":"2026-03-30 12:58:00"}
{"endpoint":"fetchQuote","level":"info","message":"External API Call","provider":"Upstox API","service":"stock-dashboard-api","success":true,"symbol":"BANKNIFTY","timestamp":"2026-03-30 12:58:00"}
{"colonKey":"NSE_EQ:INE040A01034","endpoint":"fetchStockQuote:response","hasData":false,"incomingSymbol":"HDFC","instrumentKey":"NSE_EQ|INE040A01034","lastPrice":null,"level":"info","message":"External API Call","provider":"Upstox Service","responseKeys":["NSE_EQ:HDFCBANK"],"service":"stock-dashboard-api","timestamp":"2026-03-30 12:58:00"}
{"colonKey":"NSE_EQ:INE002A01018","endpoint":"fetchStockQuote:response","hasData":false,"incomingSymbol":"RELIANCE","instrumentKey":"NSE_EQ|INE002A01018","lastPrice":null,"level":"info","message":"External API Call","provider":"Upstox Service","responseKeys":["NSE_EQ:RELIANCE"],"service":"stock-dashboard-api","timestamp":"2026-03-30 12:58:00"}
{"colonKey":"NSE_EQ:INE467B01029","endpoint":"fetchStockQuote:response","hasData":false,"incomingSymbol":"TCS","instrumentKey":"NSE_EQ|INE467B01029","lastPrice":null,"level":"info","message":"External API Call","provider":"Upstox Service","responseKeys":["NSE_EQ:TCS"],"service":"stock-dashboard-api","timestamp":"2026-03-30 12:58:00"}
{"colonKey":"NSE_EQ:INE009A01021","endpoint":"fetchStockQuote:response","hasData":false,"incomingSymbol":"INFY","instrumentKey":"NSE_EQ|INE009A01021","lastPrice":null,"level":"info","message":"External API Call","provider":"Upstox Service","responseKeys":["NSE_EQ:INFY"],"service":"stock-dashboard-api","timestamp":"2026-03-30 12:58:00"}
{"duration":"340ms","ip":"::1","level":"info","message":"HTTP Request","method":"GET","service":"stock-dashboard-api","status":200,"timestamp":"2026-03-30 12:58:21","url":"/ltp?instruments=NIFTY%2CSENSEX%2CBANKNIFTY","userAgent":"node","userId":"anonymous"}
{"duration":"6ms","ip":"::1","level":"info","message":"HTTP Request","method":"GET","service":"stock-dashboard-api","status":304,"timestamp":"2026-03-30 12:59:20","url":"/daily-pnl","userAgent":"Mozilla/5.0 (Windows NT 10.0; Win64; x64) AppleWebKit/537.36 (KHTML, like Gecko) Chrome/145.0.0.0 Safari/537.36","userId":"anonymous"}
{"duration":"352ms","ip":"::1","level":"info","message":"HTTP Request","method":"GET","service":"stock-dashboard-api","status":200,"timestamp":"2026-03-30 12:59:21","url":"/ltp?instruments=NIFTY%2CSENSEX%2CBANKNIFTY","userAgent":"node","userId":"anonymous"}
{"endpoint":"fetchStockQuote:request","incomingSymbol":"NIFTY","level":"info","message":"External API Call","provider":"Upstox Service","resolvedInstrumentKey":"NSE_INDEX|Nifty 50","service":"stock-dashboard-api","timestamp":"2026-03-30 13:00:00"}
{"endpoint":"fetchStockQuote:request","incomingSymbol":"BANKNIFTY","level":"info","message":"External API Call","provider":"Upstox Service","resolvedInstrumentKey":"NSE_INDEX|Nifty Bank","service":"stock-dashboard-api","timestamp":"2026-03-30 13:00:00"}
{"endpoint":"fetchStockQuote:request","incomingSymbol":"TCS","level":"info","message":"External API Call","provider":"Upstox Service","resolvedInstrumentKey":"NSE_EQ|INE467B01029","service":"stock-dashboard-api","timestamp":"2026-03-30 13:00:00"}
{"endpoint":"fetchStockQuote:request","incomingSymbol":"RELIANCE","level":"info","message":"External API Call","provider":"Upstox Service","resolvedInstrumentKey":"NSE_EQ|INE002A01018","service":"stock-dashboard-api","timestamp":"2026-03-30 13:00:00"}
{"endpoint":"fetchStockQuote:request","incomingSymbol":"SENSEX","level":"info","message":"External API Call","provider":"Upstox Service","resolvedInstrumentKey":"BSE_INDEX|SENSEX","service":"stock-dashboard-api","timestamp":"2026-03-30 13:00:00"}
{"endpoint":"fetchStockQuote:request","incomingSymbol":"HDFC","level":"info","message":"External API Call","provider":"Upstox Service","resolvedInstrumentKey":"NSE_EQ|INE040A01034","service":"stock-dashboard-api","timestamp":"2026-03-30 13:00:00"}
{"endpoint":"fetchStockQuote:request","incomingSymbol":"INFY","level":"info","message":"External API Call","provider":"Upstox Service","resolvedInstrumentKey":"NSE_EQ|INE009A01021","service":"stock-dashboard-api","timestamp":"2026-03-30 13:00:00"}
{"colonKey":"NSE_INDEX:Nifty Bank","endpoint":"fetchStockQuote:response","hasData":true,"incomingSymbol":"BANKNIFTY","instrumentKey":"NSE_INDEX|Nifty Bank","lastPrice":50797.75,"level":"info","message":"External API Call","provider":"Upstox Service","responseKeys":["NSE_INDEX:Nifty Bank"],"service":"stock-dashboard-api","timestamp":"2026-03-30 13:00:01"}
{"endpoint":"fetchQuote","level":"info","message":"External API Call","provider":"Upstox API","service":"stock-dashboard-api","success":true,"symbol":"BANKNIFTY","timestamp":"2026-03-30 13:00:01"}
{"colonKey":"NSE_EQ:INE002A01018","endpoint":"fetchStockQuote:response","hasData":false,"incomingSymbol":"RELIANCE","instrumentKey":"NSE_EQ|INE002A01018","lastPrice":null,"level":"info","message":"External API Call","provider":"Upstox Service","responseKeys":["NSE_EQ:RELIANCE"],"service":"stock-dashboard-api","timestamp":"2026-03-30 13:00:01"}
{"colonKey":"BSE_INDEX:SENSEX","endpoint":"fetchStockQuote:response","hasData":true,"incomingSymbol":"SENSEX","instrumentKey":"BSE_INDEX|SENSEX","lastPrice":72518.58,"level":"info","message":"External API Call","provider":"Upstox Service","responseKeys":["BSE_INDEX:SENSEX"],"service":"stock-dashboard-api","timestamp":"2026-03-30 13:00:01"}
{"endpoint":"fetchQuote","level":"info","message":"External API Call","provider":"Upstox API","service":"stock-dashboard-api","success":true,"symbol":"SENSEX","timestamp":"2026-03-30 13:00:01"}
{"colonKey":"NSE_EQ:INE040A01034","endpoint":"fetchStockQuote:response","hasData":false,"incomingSymbol":"HDFC","instrumentKey":"NSE_EQ|INE040A01034","lastPrice":null,"level":"info","message":"External API Call","provider":"Upstox Service","responseKeys":["NSE_EQ:HDFCBANK"],"service":"stock-dashboard-api","timestamp":"2026-03-30 13:00:01"}
{"colonKey":"NSE_EQ:INE467B01029","endpoint":"fetchStockQuote:response","hasData":false,"incomingSymbol":"TCS","instrumentKey":"NSE_EQ|INE467B01029","lastPrice":null,"level":"info","message":"External API Call","provider":"Upstox Service","responseKeys":["NSE_EQ:TCS"],"service":"stock-dashboard-api","timestamp":"2026-03-30 13:00:01"}
{"colonKey":"NSE_INDEX:Nifty 50","endpoint":"fetchStockQuote:response","hasData":true,"incomingSymbol":"NIFTY","instrumentKey":"NSE_INDEX|Nifty 50","lastPrice":22506.95,"level":"info","message":"External API Call","provider":"Upstox Service","responseKeys":["NSE_INDEX:Nifty 50"],"service":"stock-dashboard-api","timestamp":"2026-03-30 13:00:01"}
{"endpoint":"fetchQuote","level":"info","message":"External API Call","provider":"Upstox API","service":"stock-dashboard-api","success":true,"symbol":"NIFTY","timestamp":"2026-03-30 13:00:01"}
{"colonKey":"NSE_EQ:INE009A01021","endpoint":"fetchStockQuote:response","hasData":false,"incomingSymbol":"INFY","instrumentKey":"NSE_EQ|INE009A01021","lastPrice":null,"level":"info","message":"External API Call","provider":"Upstox Service","responseKeys":["NSE_EQ:INFY"],"service":"stock-dashboard-api","timestamp":"2026-03-30 13:00:01"}
{"endpoint":"saveArticle","level":"info","message":"External API Call","provider":"NewsAPI","service":"stock-dashboard-api","source":"TheJournal.ie","timestamp":"2026-03-30 13:00:01","title":"US marines arrive in Middle East amid reports Pent"}
{"endpoint":"saveArticle","level":"info","message":"External API Call","provider":"NewsAPI","service":"stock-dashboard-api","source":"The Straits Times","timestamp":"2026-03-30 13:00:01","title":"Dip-buying drives S’pore stocks higher as retail i"}
{"endpoint":"saveArticle","level":"info","message":"External API Call","provider":"NewsAPI","service":"stock-dashboard-api","source":"Seeking Alpha","timestamp":"2026-03-30 13:00:01","title":"Capital One's Series I Preferred Stock Offers Dece"}
{"endpoint":"saveArticle","level":"info","message":"External API Call","provider":"NewsAPI","service":"stock-dashboard-api","source":"BusinessLine","timestamp":"2026-03-30 13:00:01","title":"Sustained rise in crude oil prices may hit remitta"}
{"endpoint":"saveArticle","level":"info","message":"External API Call","provider":"NewsAPI","service":"stock-dashboard-api","source":"Thephoblographer.com","timestamp":"2026-03-30 13:00:01","title":"A Highly Beloved Nikon Lens Has Been Discontinued"}
{"endpoint":"fetchBatch","fetched":50,"level":"info","message":"External API Call","provider":"NewsAPI","saved":5,"service":"stock-dashboard-api","timestamp":"2026-03-30 13:00:01"}
{"duration":"137ms","ip":"::1","level":"info","message":"HTTP Request","method":"GET","service":"stock-dashboard-api","status":200,"timestamp":"2026-03-30 13:00:20","url":"/ltp?instruments=NIFTY%2CSENSEX%2CBANKNIFTY","userAgent":"node","userId":"anonymous"}
